2023-03-17 06:28:29,069 [INFO] Activator:179 - 


2023-03-17 06:28:29,070 [INFO] Activator:180 - !SESSION log4j initialized
2023-03-17 06:28:52,045 [ERROR] LogOutputStream:74 - [STDERR_REDIRECT] SLF4J: Failed to load class "org.slf4j.impl.StaticLoggerBinder".
2023-03-17 06:28:52,046 [ERROR] LogOutputStream:74 - [STDERR_REDIRECT] SLF4J: Defaulting to no-operation (NOP) logger implementation
2023-03-17 06:28:52,047 [ERROR] LogOutputStream:74 - [STDERR_REDIRECT] SLF4J: See http://www.slf4j.org/codes.html#StaticLoggerBinder for further details.
2023-03-17 06:28:59,847 [INFO] McuFinderGlobals:52 - Set McuFinder mode to 2 (CubeIDE integrated)
2023-03-17 06:29:00,172 [INFO] ApplicationProperties:181 - Using Application install path: C:\ST\STM32CubeIDE_1.11.2\STM32CubeIDE\plugins\com.st.stm32cube.common.mx_6.7.0.202301130839
2023-03-17 06:29:00,192 [INFO] DbMcusXml:77 - Set database path to: C:\ST\STM32CubeIDE_1.11.2\STM32CubeIDE\plugins\com.st.stm32cube.common.mx_6.7.0.202301130839\\db\/mcu/
2023-03-17 06:29:00,193 [INFO] ApiDb:273 - Set plugin database path to: C:\ST\STM32CubeIDE_1.11.2\STM32CubeIDE\plugins\com.st.stm32cube.common.mx_6.7.0.202301130839\\db\/plugins/boardmanager/
2023-03-17 06:29:00,194 [WARN] ApiDb:258 - Overriding images path with different value:  => C:\ST\STM32CubeIDE_1.11.2\STM32CubeIDE\plugins\com.st.stm32cube.common.mx_6.7.0.202301130839\\db\/plugins/mcufinder/images/
2023-03-17 06:29:00,206 [INFO] ApiDb:249 - Set database path to: C:\Users\ayuba\.stmcufinder\plugins\mcufinder//mcu/
2023-03-17 06:29:00,208 [INFO] DbMcusAds:124 - Set database path to: C:\Users\ayuba\.stmcufinder\plugins\mcufinder//mcu/
2023-03-17 06:29:00,212 [INFO] CrossReferenceDbSqlite:202 - Set database path to: C:\Users\ayuba\.stmcufinder\plugins\mcufinder//mcu/cs/
2023-03-17 06:29:00,294 [INFO] RulesReader:61 - Compatibility file has been processed (283 Rules)
2023-03-17 06:29:00,391 [INFO] DbMcusXml:77 - Set database path to: C:\ST\STM32CubeIDE_1.11.2\STM32CubeIDE\plugins\com.st.stm32cube.common.mx_6.7.0.202301130839\\db\/mcu/
2023-03-17 06:29:00,391 [INFO] ApiDb:273 - Set plugin database path to: C:\ST\STM32CubeIDE_1.11.2\STM32CubeIDE\plugins\com.st.stm32cube.common.mx_6.7.0.202301130839\\db\/plugins/boardmanager/
2023-03-17 06:29:00,391 [INFO] ApiDb:260 - Set plugin images path to: C:\ST\STM32CubeIDE_1.11.2\STM32CubeIDE\plugins\com.st.stm32cube.common.mx_6.7.0.202301130839\\db\/plugins/mcufinder/images/
2023-03-17 06:29:00,392 [WARN] DbFile:40 - Overriding database path with different value: C:\Users\ayuba\.stmcufinder\plugins\mcufinder/ => C:\Users\ayuba\.stmcufinder\plugins\mcufinder
2023-03-17 06:29:00,392 [INFO] ApiDb:249 - Set database path to: C:\Users\ayuba\.stmcufinder\plugins\mcufinder//mcu/
2023-03-17 06:29:00,392 [WARN] DbFile:40 - Overriding database path with different value: C:\Users\ayuba\.stmcufinder\plugins\mcufinder/ => C:\Users\ayuba\.stmcufinder\plugins\mcufinder
2023-03-17 06:29:00,392 [INFO] DbMcusAds:124 - Set database path to: C:\Users\ayuba\.stmcufinder\plugins\mcufinder//mcu/
2023-03-17 06:29:00,393 [WARN] DbFile:40 - Overriding database path with different value: C:\Users\ayuba\.stmcufinder\plugins\mcufinder/ => C:\Users\ayuba\.stmcufinder\plugins\mcufinder
2023-03-17 06:29:00,393 [WARN] DbFile:40 - Overriding database path with different value: C:\Users\ayuba\.stmcufinder\plugins\mcufinder/ => C:\Users\ayuba\.stmcufinder\plugins\mcufinder
2023-03-17 06:29:00,393 [INFO] CrossReferenceDbSqlite:202 - Set database path to: C:\Users\ayuba\.stmcufinder\plugins\mcufinder//mcu/cs/
2023-03-17 06:29:00,467 [INFO] MainPanel:252 - HeapMemory: 283115520
2023-03-17 06:29:00,567 [INFO] DbMcusXml:77 - Set database path to: C:\ST\STM32CubeIDE_1.11.2\STM32CubeIDE\plugins\com.st.stm32cube.common.mx_6.7.0.202301130839\\db\/mcu/
2023-03-17 06:29:00,567 [INFO] ApiDb:273 - Set plugin database path to: C:\ST\STM32CubeIDE_1.11.2\STM32CubeIDE\plugins\com.st.stm32cube.common.mx_6.7.0.202301130839\\db\/plugins/boardmanager/
2023-03-17 06:29:00,567 [INFO] ApiDb:260 - Set plugin images path to: C:\ST\STM32CubeIDE_1.11.2\STM32CubeIDE\plugins\com.st.stm32cube.common.mx_6.7.0.202301130839\\db\/plugins/mcufinder/images/
2023-03-17 06:29:00,567 [WARN] DbFile:40 - Overriding database path with different value: C:\Users\ayuba\.stmcufinder\plugins\mcufinder/ => C:\Users\ayuba\.stmcufinder\plugins\mcufinder
2023-03-17 06:29:00,568 [INFO] ApiDb:249 - Set database path to: C:\Users\ayuba\.stmcufinder\plugins\mcufinder//mcu/
2023-03-17 06:29:00,568 [WARN] DbFile:40 - Overriding database path with different value: C:\Users\ayuba\.stmcufinder\plugins\mcufinder/ => C:\Users\ayuba\.stmcufinder\plugins\mcufinder
2023-03-17 06:29:00,568 [INFO] DbMcusAds:124 - Set database path to: C:\Users\ayuba\.stmcufinder\plugins\mcufinder//mcu/
2023-03-17 06:29:00,568 [WARN] DbFile:40 - Overriding database path with different value: C:\Users\ayuba\.stmcufinder\plugins\mcufinder/ => C:\Users\ayuba\.stmcufinder\plugins\mcufinder
2023-03-17 06:29:00,569 [WARN] DbFile:40 - Overriding database path with different value: C:\Users\ayuba\.stmcufinder\plugins\mcufinder/ => C:\Users\ayuba\.stmcufinder\plugins\mcufinder
2023-03-17 06:29:00,569 [INFO] CrossReferenceDbSqlite:202 - Set database path to: C:\Users\ayuba\.stmcufinder\plugins\mcufinder//mcu/cs/
2023-03-17 06:29:00,596 [INFO] ApplicationProperties:181 - Using Application install path: C:\ST\STM32CubeIDE_1.11.2\STM32CubeIDE\plugins\com.st.stm32cube.common.mx_6.7.0.202301130839
2023-03-17 06:29:00,598 [INFO] PluginManage:193 - Search for loadable plugins [exclusion list=, ]
2023-03-17 06:29:00,607 [INFO] PluginManage:307 - Check plugin analytics
2023-03-17 06:29:00,741 [INFO] AnalyticsPlugin:262 - Accepted Software Licenses: 
2023-03-17 06:29:00,741 [INFO] AnalyticsPlugin:264 - Accepted CMSIS Pack Licenses: 
2023-03-17 06:29:00,742 [INFO] AnalyticsPlugin:266 - Accepted Firmware Licenses: 
2023-03-17 06:29:00,749 [INFO] PluginManage:356 - Loaded plugin analytics (category:tool,tabindex:-1)
2023-03-17 06:29:00,749 [INFO] PluginManage:307 - Check plugin cadmodel
2023-03-17 06:29:00,753 [INFO] CADModel:104 - Init CAD model plugin
2023-03-17 06:29:00,754 [INFO] PluginManage:356 - Loaded plugin cadmodel (category:power,tabindex:5)
2023-03-17 06:29:00,754 [INFO] PluginManage:307 - Check plugin clock
2023-03-17 06:29:00,761 [INFO] PluginManage:356 - Loaded plugin clock (category:base,tabindex:2)
2023-03-17 06:29:00,761 [INFO] PluginManage:307 - Check plugin ddr
2023-03-17 06:29:00,763 [INFO] PluginManage:356 - Loaded plugin ddr (category:tool,tabindex:6)
2023-03-17 06:29:00,763 [INFO] PluginManage:307 - Check plugin filemanager
2023-03-17 06:29:00,897 [INFO] PluginManage:356 - Loaded plugin filemanager (category:base,tabindex:10)
2023-03-17 06:29:00,897 [INFO] PluginManage:307 - Check plugin ipmanager
2023-03-17 06:29:00,906 [INFO] PluginManage:356 - Loaded plugin ipmanager (category:base,tabindex:5)
2023-03-17 06:29:00,906 [INFO] PluginManage:307 - Check plugin lpbam
2023-03-17 06:29:00,916 [INFO] PluginManage:356 - Loaded plugin lpbam (category:base,tabindex:0)
2023-03-17 06:29:00,918 [INFO] PluginManage:307 - Check plugin pinoutandconfiguration
2023-03-17 06:29:00,929 [INFO] PluginManage:356 - Loaded plugin pinoutandconfiguration (category:base,tabindex:1)
2023-03-17 06:29:00,929 [INFO] PluginManage:307 - Check plugin pinoutconfig
2023-03-17 06:29:00,971 [INFO] PluginManage:356 - Loaded plugin pinoutconfig (category:base,tabindex:0)
2023-03-17 06:29:00,972 [INFO] PluginManage:307 - Check plugin power
2023-03-17 06:29:00,981 [INFO] PluginManage:356 - Loaded plugin power (category:power,tabindex:4)
2023-03-17 06:29:00,981 [INFO] PluginManage:307 - Check plugin projectmanager
2023-03-17 06:29:01,006 [INFO] PluginManage:356 - Loaded plugin projectmanager (category:projectmanager,tabindex:3)
2023-03-17 06:29:01,006 [INFO] PluginManage:307 - Check plugin thirdparty
2023-03-17 06:29:01,134 [INFO] PluginManage:356 - Loaded plugin thirdparty (category:base,tabindex:-1)
2023-03-17 06:29:01,134 [WARN] IntegrityCheckThread:82 - waiting for thirdparty lock release [integrity check]
2023-03-17 06:29:01,135 [INFO] PluginManage:307 - Check plugin tools
2023-03-17 06:29:01,137 [INFO] IntegrityCheckThread:84 - entering critical section [integrity check]
2023-03-17 06:29:01,141 [INFO] ThirdPartyUpdaterWithRetryManager:70 - Updater plugin not ready yet. [1/15]
2023-03-17 06:29:01,142 [INFO] PluginManage:356 - Loaded plugin tools (category:base,tabindex:7)
2023-03-17 06:29:01,142 [INFO] PluginManage:307 - Check plugin tutovideos
2023-03-17 06:29:01,370 [INFO] PluginManage:356 - Loaded plugin tutovideos (category:base,tabindex:-1)
2023-03-17 06:29:01,370 [INFO] PluginManage:307 - Check plugin updater
2023-03-17 06:29:01,383 [INFO] PluginManage:356 - Loaded plugin updater (category:base,tabindex:12)
2023-03-17 06:29:01,384 [INFO] PluginManage:280 - PluginManage : Loaded plugins [15]
2023-03-17 06:29:01,650 [INFO] PinOutPanel:1477 - setPackage(No Configuration,No Configuration)
2023-03-17 06:29:01,720 [INFO] CADModel:164 - CPN selected for project level
2023-03-17 06:29:01,720 [INFO] CADModel:113 - Register for checkConnection events
2023-03-17 06:29:01,746 [INFO] IPUIPlugin:79 - create IPUIPlugin
2023-03-17 06:29:01,746 [INFO] PluginManager:219 - loadIPPluginJar : add adc
2023-03-17 06:29:01,748 [INFO] IPUIPlugin:79 - create IPUIPlugin
2023-03-17 06:29:01,749 [INFO] PluginManager:219 - loadIPPluginJar : add aes
2023-03-17 06:29:01,751 [INFO] IPUIPlugin:79 - create IPUIPlugin
2023-03-17 06:29:01,751 [INFO] PluginManager:219 - loadIPPluginJar : add can
2023-03-17 06:29:01,753 [INFO] IPUIPlugin:79 - create IPUIPlugin
2023-03-17 06:29:01,753 [INFO] PluginManager:219 - loadIPPluginJar : add comp
2023-03-17 06:29:01,755 [INFO] IPUIPlugin:79 - create IPUIPlugin
2023-03-17 06:29:01,755 [INFO] PluginManager:219 - loadIPPluginJar : add cryp
2023-03-17 06:29:01,757 [INFO] IPUIPlugin:79 - create IPUIPlugin
2023-03-17 06:29:01,757 [INFO] PluginManager:219 - loadIPPluginJar : add dfsdm
2023-03-17 06:29:01,764 [INFO] IPUIPlugin:79 - create IPUIPlugin
2023-03-17 06:29:01,765 [INFO] PluginManager:219 - loadIPPluginJar : add dma
2023-03-17 06:29:01,768 [INFO] IPUIPlugin:79 - create IPUIPlugin
2023-03-17 06:29:01,768 [INFO] PluginManager:219 - loadIPPluginJar : add dma3
2023-03-17 06:29:01,769 [INFO] IPUIPlugin:79 - create IPUIPlugin
2023-03-17 06:29:01,769 [INFO] PluginManager:219 - loadIPPluginJar : add fatfs
2023-03-17 06:29:01,774 [INFO] IPUIPlugin:79 - create IPUIPlugin
2023-03-17 06:29:01,774 [INFO] PluginManager:219 - loadIPPluginJar : add fmc
2023-03-17 06:29:01,792 [INFO] IPUIPlugin:79 - create IPUIPlugin
2023-03-17 06:29:01,792 [INFO] PluginManager:219 - loadIPPluginJar : add freertos
2023-03-17 06:29:01,794 [INFO] IPUIPlugin:79 - create IPUIPlugin
2023-03-17 06:29:01,794 [INFO] PluginManager:219 - loadIPPluginJar : add genericplugin
2023-03-17 06:29:01,797 [INFO] IPUIPlugin:79 - create IPUIPlugin
2023-03-17 06:29:01,797 [INFO] PluginManager:219 - loadIPPluginJar : add gfxmmu
2023-03-17 06:29:01,802 [INFO] IPUIPlugin:79 - create IPUIPlugin
2023-03-17 06:29:01,802 [INFO] PluginManager:219 - loadIPPluginJar : add gic
2023-03-17 06:29:01,808 [INFO] IPUIPlugin:79 - create IPUIPlugin
2023-03-17 06:29:01,809 [INFO] PluginManager:219 - loadIPPluginJar : add gpio
2023-03-17 06:29:01,811 [INFO] IPUIPlugin:79 - create IPUIPlugin
2023-03-17 06:29:01,811 [INFO] PluginManager:219 - loadIPPluginJar : add gtzc
2023-03-17 06:29:01,813 [INFO] IPUIPlugin:79 - create IPUIPlugin
2023-03-17 06:29:01,813 [INFO] PluginManager:219 - loadIPPluginJar : add hash
2023-03-17 06:29:01,815 [INFO] IPUIPlugin:79 - create IPUIPlugin
2023-03-17 06:29:01,815 [INFO] PluginManager:219 - loadIPPluginJar : add i2c
2023-03-17 06:29:01,818 [INFO] IPUIPlugin:79 - create IPUIPlugin
2023-03-17 06:29:01,818 [INFO] PluginManager:219 - loadIPPluginJar : add i2s
2023-03-17 06:29:01,820 [INFO] IPUIPlugin:79 - create IPUIPlugin
2023-03-17 06:29:01,821 [INFO] PluginManager:219 - loadIPPluginJar : add ipddr
2023-03-17 06:29:01,827 [INFO] IPUIPlugin:79 - create IPUIPlugin
2023-03-17 06:29:01,827 [INFO] PluginManager:219 - loadIPPluginJar : add linkedlist
2023-03-17 06:29:01,828 [INFO] IPUIPlugin:79 - create IPUIPlugin
2023-03-17 06:29:01,829 [INFO] PluginManager:219 - loadIPPluginJar : add lorawan
2023-03-17 06:29:01,830 [INFO] IPUIPlugin:79 - create IPUIPlugin
2023-03-17 06:29:01,830 [INFO] PluginManager:219 - loadIPPluginJar : add ltdc
2023-03-17 06:29:01,835 [INFO] IPUIPlugin:79 - create IPUIPlugin
2023-03-17 06:29:01,835 [INFO] PluginManager:219 - loadIPPluginJar : add mdma
2023-03-17 06:29:01,838 [INFO] IPUIPlugin:79 - create IPUIPlugin
2023-03-17 06:29:01,838 [INFO] PluginManager:219 - loadIPPluginJar : add nvic
2023-03-17 06:29:01,840 [INFO] IPUIPlugin:79 - create IPUIPlugin
2023-03-17 06:29:01,840 [INFO] PluginManager:219 - loadIPPluginJar : add opamp
2023-03-17 06:29:01,847 [INFO] IPUIPlugin:79 - create IPUIPlugin
2023-03-17 06:29:01,847 [INFO] PluginManager:219 - loadIPPluginJar : add openamp
2023-03-17 06:29:01,850 [INFO] IPUIPlugin:79 - create IPUIPlugin
2023-03-17 06:29:01,850 [INFO] PluginManager:219 - loadIPPluginJar : add pdm2pcm
2023-03-17 06:29:01,855 [INFO] IPUIPlugin:79 - create IPUIPlugin
2023-03-17 06:29:01,858 [INFO] PluginManager:219 - loadIPPluginJar : add plateformsettings
2023-03-17 06:29:01,860 [INFO] IPUIPlugin:79 - create IPUIPlugin
2023-03-17 06:29:01,860 [INFO] PluginManager:219 - loadIPPluginJar : add quadspi
2023-03-17 06:29:01,864 [INFO] IPUIPlugin:79 - create IPUIPlugin
2023-03-17 06:29:01,864 [INFO] PluginManager:219 - loadIPPluginJar : add resmgrutility
2023-03-17 06:29:01,867 [INFO] IPUIPlugin:79 - create IPUIPlugin
2023-03-17 06:29:01,867 [INFO] PluginManager:219 - loadIPPluginJar : add sai
2023-03-17 06:29:01,869 [INFO] IPUIPlugin:79 - create IPUIPlugin
2023-03-17 06:29:01,869 [INFO] PluginManager:219 - loadIPPluginJar : add spi
2023-03-17 06:29:01,873 [INFO] IPUIPlugin:79 - create IPUIPlugin
2023-03-17 06:29:01,874 [INFO] PluginManager:219 - loadIPPluginJar : add stm32_wpan
2023-03-17 06:29:01,875 [INFO] IPUIPlugin:79 - create IPUIPlugin
2023-03-17 06:29:01,876 [INFO] PluginManager:219 - loadIPPluginJar : add tim
2023-03-17 06:29:01,878 [INFO] IPUIPlugin:79 - create IPUIPlugin
2023-03-17 06:29:01,879 [INFO] PluginManager:219 - loadIPPluginJar : add touchsensing
2023-03-17 06:29:01,881 [INFO] IPUIPlugin:79 - create IPUIPlugin
2023-03-17 06:29:01,882 [INFO] PluginManager:219 - loadIPPluginJar : add tracer_emb
2023-03-17 06:29:01,884 [INFO] IPUIPlugin:79 - create IPUIPlugin
2023-03-17 06:29:01,885 [INFO] PluginManager:219 - loadIPPluginJar : add ts
2023-03-17 06:29:01,901 [INFO] IPUIPlugin:79 - create IPUIPlugin
2023-03-17 06:29:01,902 [INFO] PluginManager:219 - loadIPPluginJar : add tsc
2023-03-17 06:29:01,905 [INFO] IPUIPlugin:79 - create IPUIPlugin
2023-03-17 06:29:01,905 [INFO] PluginManager:219 - loadIPPluginJar : add ucpd
2023-03-17 06:29:01,907 [INFO] IPUIPlugin:79 - create IPUIPlugin
2023-03-17 06:29:01,908 [INFO] PluginManager:219 - loadIPPluginJar : add usart
2023-03-17 06:29:01,910 [INFO] IPUIPlugin:79 - create IPUIPlugin
2023-03-17 06:29:01,910 [INFO] PluginManager:219 - loadIPPluginJar : add usbx
2023-03-17 06:29:02,036 [INFO] CADModel:164 - CPN selected for project level
2023-03-17 06:29:02,036 [INFO] CADModel:113 - Register for checkConnection events
2023-03-17 06:29:02,036 [FATAL] Updater:308 - Updater called before beeing initialized
2023-03-17 06:29:02,036 [ERROR] CADModel:124 - Updater not yet initialized, retry later 
2023-03-17 06:29:02,155 [INFO] CADModel:164 - CPN selected for project level
2023-03-17 06:29:02,155 [INFO] CADModel:113 - Register for checkConnection events
2023-03-17 06:29:02,155 [FATAL] Updater:308 - Updater called before beeing initialized
2023-03-17 06:29:02,155 [ERROR] CADModel:124 - Updater not yet initialized, retry later 
2023-03-17 06:29:02,158 [FATAL] Updater:308 - Updater called before beeing initialized
2023-03-17 06:29:02,251 [FATAL] Updater:308 - Updater called before beeing initialized
2023-03-17 06:29:02,256 [INFO] DbMcusAds:52 - JSON generation date=Tue Mar 07 09:50:55 GMT+01:00 2023 (1678179055335)
2023-03-17 06:29:02,257 [FATAL] Updater:308 - Updater called before beeing initialized
2023-03-17 06:29:02,288 [WARN] DetailPanel:344 - Failed to get advertising image, set to default
2023-03-17 06:29:02,371 [FATAL] Updater:308 - Updater called before beeing initialized
2023-03-17 06:29:02,373 [FATAL] Updater:308 - Updater called before beeing initialized
2023-03-17 06:29:02,373 [FATAL] Updater:308 - Updater called before beeing initialized
2023-03-17 06:29:02,373 [WARN] DetailPanel:344 - Failed to get advertising image, set to default
2023-03-17 06:29:02,374 [FATAL] Updater:308 - Updater called before beeing initialized
2023-03-17 06:29:02,433 [ERROR] Updater:1120 - MainUpdater not yet initialized. External WinMGr cannot be set.
2023-03-17 06:29:02,435 [INFO] Updater:1056 - Updater Version found : 6.7.0
2023-03-17 06:29:02,450 [INFO] ApplicationProperties:181 - Using Application install path: C:\ST\STM32CubeIDE_1.11.2\STM32CubeIDE\plugins\com.st.stm32cube.common.mx_6.7.0.202301130839
2023-03-17 06:29:02,631 [INFO] MainUpdater:2800 - connection check result : 10
2023-03-17 06:29:02,631 [INFO] MainUpdater:3494 - Updater definition file requires update
2023-03-17 06:29:02,632 [INFO] MainUpdater:282 - Updater Check For Update Now.
2023-03-17 06:29:02,632 [INFO] MicroXplorer:481 - Change Database Version : DB.6.0.70
2023-03-17 06:29:02,675 [INFO] ServerAccessManage:474 - Download File updaters.zip
2023-03-17 06:29:02,751 [INFO] FileExtend:239 - Unzip File : updaters.zip
2023-03-17 06:29:02,751 [INFO] FileExtend:254 - Standard Zip Deflate
2023-03-17 06:29:02,996 [INFO] ServerAccessManage:474 - Download File PacksControlFlags.xml
2023-03-17 06:29:03,044 [INFO] ServerAccessManage:474 - Download File cubemx.pidx
2023-03-17 06:29:03,113 [INFO] LoadServerUpdatesThread:367 - End of LoadServerUpdate Thread
2023-03-17 06:29:03,261 [INFO] CheckServerUpdateThread:119 - End of CheckServer Thread
2023-03-17 06:29:03,273 [INFO] MainUpdater:2800 - connection check result : 10
2023-03-17 06:29:03,276 [INFO] McuFinderGlobals:65 - Set McuFinderConnectedMode to true
2023-03-17 06:29:03,433 [INFO] ServerAccessManage:474 - Download File mcusAds.json._tmp_
2023-03-17 06:29:03,571 [INFO] LoadUrlFilesThread:150 - End of LoadUrlFiles Thread
2023-03-17 06:29:03,632 [INFO] ServerAccessManage:474 - Download File cube-finder-db.zip
2023-03-17 06:29:04,158 [WARN] MainUpdater:1186 - Updater busy. Cannot search thirdparties
2023-03-17 06:29:04,158 [INFO] ThirdPartyUpdaterWithRetryManager:96 - Updater plugin is busy. [1/15]
2023-03-17 06:29:07,163 [WARN] MainUpdater:1186 - Updater busy. Cannot search thirdparties
2023-03-17 06:29:07,163 [INFO] ThirdPartyUpdaterWithRetryManager:96 - Updater plugin is busy. [2/15]
2023-03-17 06:29:08,562 [INFO] FileExtend:239 - Unzip File : cube-finder-db.zip
2023-03-17 06:29:08,562 [INFO] FileExtend:254 - Standard Zip Deflate
2023-03-17 06:29:09,163 [INFO] LoadUrlFilesThread:150 - End of LoadUrlFiles Thread
2023-03-17 06:29:09,367 [INFO] ServerAccessManage:474 - Download File crdb.zip
2023-03-17 06:29:09,535 [INFO] FileExtend:239 - Unzip File : crdb.zip
2023-03-17 06:29:09,535 [INFO] FileExtend:254 - Standard Zip Deflate
2023-03-17 06:29:09,661 [INFO] LoadUrlFilesThread:150 - End of LoadUrlFiles Thread
2023-03-17 06:29:09,703 [INFO] ServerAccessManage:474 - Download File tutoVideoDB.zip
2023-03-17 06:29:09,727 [INFO] FileExtend:239 - Unzip File : tutoVideoDB.zip
2023-03-17 06:29:09,727 [INFO] FileExtend:254 - Standard Zip Deflate
2023-03-17 06:29:09,849 [INFO] LoadUrlFilesThread:150 - End of LoadUrlFiles Thread
2023-03-17 06:29:09,856 [INFO] JxBrowserEngine:114 - Initiate JxBrowser Engine with user profile folder
2023-03-17 06:29:10,319 [WARN] PackLoader:242 - Cannot read IP mode file for STMicroelectronics.X-CUBE-GNSS1.6.0.0
2023-03-17 06:29:10,342 [WARN] PackLoader:242 - Cannot read IP mode file for STMicroelectronics.X-CUBE-AZRTOS-F4.1.1.0
2023-03-17 06:29:10,363 [WARN] PackLoader:242 - Cannot read IP mode file for STMicroelectronics.X-CUBE-AZRTOS-F7.1.1.0
2023-03-17 06:29:10,373 [WARN] PackLoader:242 - Cannot read IP mode file for STMicroelectronics.X-CUBE-BLE1.6.2.4
2023-03-17 06:29:10,392 [WARN] PackLoader:242 - Cannot read IP mode file for emotas.I-CUBE-CANOPEN.1.1.3
2023-03-17 06:29:10,402 [WARN] PackLoader:242 - Cannot read IP mode file for STMicroelectronics.X-CUBE-BLEMGR.2.0.0
2023-03-17 06:29:10,427 [WARN] PackLoader:242 - Cannot read IP mode file for STMicroelectronics.X-CUBE-DISPLAY.3.0.0
2023-03-17 06:29:10,436 [WARN] PackLoader:242 - Cannot read IP mode file for wolfSSL.I-CUBE-wolfSSL.5.5.4
2023-03-17 06:29:10,442 [WARN] PackLoader:242 - Cannot read IP mode file for STMicroelectronics.X-CUBE-NFC7.1.0.0
2023-03-17 06:29:10,454 [WARN] PackLoader:242 - Cannot read IP mode file for STMicroelectronics.X-CUBE-EEPRMA1.4.1.0
2023-03-17 06:29:10,464 [WARN] PackLoader:242 - Cannot read IP mode file for WES.I-CUBE-Cesium.1.3.0
2023-03-17 06:29:10,472 [WARN] PackLoader:242 - Cannot read IP mode file for STMicroelectronics.X-CUBE-SFXS2LP1.4.0.0
2023-03-17 06:29:10,477 [WARN] PackLoader:242 - Cannot read IP mode file for STMicroelectronics.X-CUBE-BLE2.3.3.0
2023-03-17 06:29:10,489 [WARN] PackLoader:242 - Cannot read IP mode file for STMicroelectronics.X-CUBE-TOF1.3.2.0
2023-03-17 06:29:10,517 [WARN] PackLoader:242 - Cannot read IP mode file for STMicroelectronics.X-CUBE-AZRTOS-H7.3.0.0
2023-03-17 06:29:10,531 [WARN] PackLoader:242 - Cannot read IP mode file for STMicroelectronics.X-CUBE-ISPU.1.1.0
2023-03-17 06:29:10,541 [WARN] PackLoader:242 - Cannot read IP mode file for RoweBots.I-CUBE-UNISONRTOS.5.5.0-4
2023-03-17 06:29:10,545 [WARN] PackLoader:242 - Cannot read IP mode file for STMicroelectronics.X-CUBE-AI.8.0.0
2023-03-17 06:29:10,549 [WARN] PackLoader:242 - Cannot read IP mode file for STMicroelectronics.X-CUBE-FREERTOS.1.0.0
2023-03-17 06:29:10,552 [WARN] PackLoader:242 - Cannot read IP mode file for STMicroelectronics.X-CUBE-TOUCHGFX.4.21.1
2023-03-17 06:29:10,558 [WARN] PackLoader:242 - Cannot read IP mode file for STMicroelectronics.X-CUBE-ALGOBUILD.1.3.0
2023-03-17 06:29:10,568 [WARN] PackLoader:242 - Cannot read IP mode file for STMicroelectronics.X-CUBE-AZRTOS-L5.1.1.0
2023-03-17 06:29:10,580 [WARN] PackLoader:242 - Cannot read IP mode file for STMicroelectronics.X-CUBE-AZRTOS-G0.1.1.0
2023-03-17 06:29:10,594 [WARN] PackLoader:242 - Cannot read IP mode file for STMicroelectronics.X-CUBE-SUBG2.5.0.0
2023-03-17 06:29:10,603 [WARN] PackLoader:242 - Cannot read IP mode file for STMicroelectronics.X-CUBE-NFC4.3.0.0
2023-03-17 06:29:10,608 [WARN] PackLoader:242 - Cannot read IP mode file for STMicroelectronics.FP-ATR-ASTRA1.1.1.1
2023-03-17 06:29:10,615 [WARN] PackLoader:242 - Cannot read IP mode file for STMicroelectronics.X-CUBE-BLEMGR.1.3.0
2023-03-17 06:29:10,624 [WARN] PackLoader:242 - Cannot read IP mode file for STMicroelectronics.X-CUBE-AZRTOS-G4.1.0.0
2023-03-17 06:29:10,630 [WARN] PackLoader:242 - Cannot read IP mode file for STMicroelectronics.FP-ATR-SIGFOX1.3.2.0
2023-03-17 06:29:10,646 [WARN] PackLoader:242 - Cannot read IP mode file for STMicroelectronics.X-CUBE-AZRTOS-L4.1.0.0
2023-03-17 06:29:10,655 [WARN] PackLoader:242 - Cannot read IP mode file for STMicroelectronics.X-CUBE-AZRTOS-WL.1.0.0
2023-03-17 06:29:10,660 [WARN] PackLoader:242 - Cannot read IP mode file for portGmbH.I-Cube-SoM-uGOAL.1.1.0
2023-03-17 06:29:10,664 [WARN] PackLoader:242 - Cannot read IP mode file for STMicroelectronics.X-CUBE-ALS.1.0.1
2023-03-17 06:29:10,688 [WARN] PackLoader:242 - Cannot read IP mode file for STMicroelectronics.X-CUBE-MEMS1.9.5.0
2023-03-17 06:29:10,796 [WARN] PackLoader:242 - Cannot read IP mode file for STMicroelectronics.X-CUBE-AZRTOS-WB.1.1.0
2023-03-17 06:29:10,834 [WARN] PackLoader:242 - Cannot read IP mode file for SEGGER.I-CUBE-embOS.1.3.1
2023-03-17 06:29:10,877 [INFO] ThirdParty:947 - Integrity check success = true
2023-03-17 06:29:10,877 [INFO] IntegrityCheckThread:98 - exiting critical section [integrity check]
2023-03-17 06:29:10,877 [INFO] IntegrityCheckThread:101 - End integrity checks thread
2023-03-17 06:29:12,818 [WARN] DbFile:40 - Overriding database path with different value: C:\Users\ayuba\.stmcufinder\plugins\mcufinder/ => C:\Users\ayuba\.stmcufinder\plugins\mcufinder
2023-03-17 06:29:12,857 [INFO] ServerAccessManage:474 - Download File api_config.json
2023-03-17 06:29:12,980 [INFO] LoadUrlFilesThread:150 - End of LoadUrlFiles Thread
2023-03-17 06:29:12,981 [INFO] DbMcusAds:52 - JSON generation date=Tue Mar 07 09:50:55 GMT+01:00 2023 (1678179055114)
2023-03-17 06:29:13,005 [INFO] LoadUrlFilesThread:179 - End of LoadServerUrlFiles without Thread
2023-03-17 06:29:13,006 [INFO] TargetSelectorAdapter:258 - Refresh data is successful
2023-03-17 06:29:13,099 [INFO] ApiDb:580 - Connected to CubeFinder SQLite database (C:\Users\ayuba\.stmcufinder\plugins\mcufinder\mcu\cube-finder-db.db)
2023-03-17 06:29:13,173 [INFO] ApiDb:667 - CubeFinder database Data Model version=2.1
2023-03-17 06:29:13,173 [INFO] ApiDb:668 - CubeFinder database Configuration version=3.0.35
2023-03-17 06:29:13,173 [INFO] ApiDb:669 - CubeFinder database generation date=2023-03-10 (1678456172)
2023-03-17 06:29:13,174 [INFO] ApiDb:670 - CubeFinder database FW Pack versions=[FP-ATR-ASTRA1_V1.1.1, STM32Cube_FW_C0_V1.0.1, STM32Cube_FW_F0_V1.11.4, STM32Cube_FW_F3_V1.11.4, STM32Cube_FW_F4_V1.27.1, STM32Cube_FW_F7_V1.17.0, STM32Cube_FW_G0_V1.6.1, STM32Cube_FW_G4_V1.5.1, STM32Cube_FW_H5_V0.5.1, STM32Cube_FW_H5_V1.0.0, STM32Cube_FW_H7_V1.11.0, STM32Cube_FW_L0_V1.12.2, STM32Cube_FW_L5_V1.5.0, STM32Cube_FW_U5_V1.2.0, STM32Cube_FW_WBA_V1.0.0, STM32Cube_FW_WBA_V1.0.0RC1, STM32Cube_FW_WBA_V1.0.0RC3, STM32Cube_FW_WB_V1.15.0RC1, STM32Cube_FW_WB_V1.16.0, STM32Cube_FW_WB_V1.16.0RC2, STM32Cube_FW_WL_V1.3.0, X-CUBE-ALGOBUILD_V1.3.0, X-CUBE-ALS_V1.0.1, X-CUBE-AZRTOS-F4_V1.1.0, X-CUBE-AZRTOS-F7_V1.1.0, X-CUBE-AZRTOS-G0_V1.1.0, X-CUBE-AZRTOS-G4_V1.0.0, X-CUBE-AZRTOS-H7_V3.0.0, X-CUBE-AZRTOS-L4_V1.0.0, X-CUBE-AZRTOS-L5_V1.1.0, X-CUBE-AZRTOS-WB_V1.1.0, X-CUBE-AZRTOS-WL_V1.0.0, X-CUBE-BLE1_V6.2.4, X-CUBE-BLE2_V3.3.0, X-CUBE-BLEMGR_V1.3.0, X-CUBE-EEPRMA1_V4.1.0, X-CUBE-GNSS1_V6.0.0, X-CUBE-MEMS1_V9.1.0, X-CUBE-MEMS1_V9.4.0, X-CUBE-MEMS1_V9.5.0, X-CUBE-NFC4_V3.0.0, X-CUBE-NFC7_V1.0.0, X-CUBE-SFXS2LP1_V4.0.0, X-CUBE-SUBG2_V5.0.0]
2023-03-17 06:29:14,742 [INFO] ApiDb:239 - Found 143 in-development CPN: [B-WB1M-WPAN1, B-WL5M-SUBG1, NUCLEO-C031C6, STEVAL-PROTEUS1, STEVAL-STWINBX1, STM320518-EVAL, STM32C0116-DK, STM32C011D6Y3TR, STM32C011D6Y6TR, STM32C011F4P3, STM32C011F4P6, STM32C011F4U3, STM32C011F4U6TR, STM32C011F6P3, STM32C011F6P6, STM32C011F6U3, STM32C011F6U6TR, STM32C011J4M3, STM32C011J4M6, STM32C011J6M3, STM32C011J6M6, STM32C0316-DK, STM32C031C4T3, STM32C031C4T6, STM32C031C4U3, STM32C031C4U6, STM32C031C6T3, STM32C031C6T6, STM32C031C6U3, STM32C031C6U6, STM32C031F4P3, STM32C031F4P6, STM32C031F6P3, STM32C031F6P6, STM32C031G4U3, STM32C031G4U6, STM32C031G6U3, STM32C031G6U6, STM32C031K4T3, STM32C031K4T6, STM32C031K4U3, STM32C031K4U6, STM32C031K6T3, STM32C031K6T6, STM32C031K6U3, STM32C031K6U6, STM32G071K8TXN, STM32G071K8UXN, STM32G081GBU6N, STM32G081KBT6N, STM32G081KBUXN, STM32G0B1CCT6N, STM32G0B1KCT6, STM32G0B1NEY6TR, STM32G0B1RCT6N, STM32G0C1CCT6, STM32G0C1CCT6N, STM32G0C1CCU6N, STM32G0C1CET6N, STM32G0C1CEU6N, STM32G0C1KCT6, STM32G0C1NEY6TR, STM32G0C1RCI6N, STM32G0C1RCT6N, STM32G0C1REI6N, STM32G0C1RET6N, STM32G0C1VCI6, STM32G0C1VEI6, STM32G471CCT6, STM32G471CCU6, STM32G471CET3, STM32G471CET6, STM32G471CEU3, STM32G471CEU6, STM32G471MCT6, STM32G471MET3, STM32G471MET6, STM32G471MEY6TR, STM32G471QCT6, STM32G471QET3, STM32G471RCT6, STM32G471RET3, STM32G471RET6, STM32G471VCH6, STM32G471VCI6, STM32G471VCT6, STM32G471VEH3, STM32G471VEH6, STM32G471VEI3, STM32G471VEI6, STM32G471VET3, STM32G471VET6, STM32G474CCT6, STM32L476VGY6PTR, STM32L4R5QGI6STR, STM32MP131AAE3, STM32MP131AAF3, STM32MP131AAG3, STM32MP131CAE3, STM32MP131CAF3, STM32MP131CAG3, STM32MP131DAE7, STM32MP131DAF7, STM32MP131DAG7, STM32MP131FAE7, STM32MP131FAF7, STM32MP131FAG7, STM32MP133AAE3, STM32MP133AAF3, STM32MP133AAG3, STM32MP133CAE3, STM32MP133CAF3, STM32MP133CAG3, STM32MP133DAE7, STM32MP133DAF7, STM32MP133DAG7, STM32MP133FAE7, STM32MP133FAF7, STM32MP133FAG7, STM32MP135AAE3, STM32MP135AAF3, STM32MP135AAG3, STM32MP135CAE3, STM32MP135CAF3, STM32MP135CAG3, STM32MP135DAE7, STM32MP135DAF7, STM32MP135DAG7, STM32MP135F-DK, STM32MP135FAE7, STM32MP135FAF7, STM32MP135FAF7T, STM32MP135FAF7U, STM32MP135FAG7, STM32U595ZJT6Q, STM32U599BJY6QTR, STM32U599NIH6Q, STM32U599NJH6Q, STM32U5A5ZJT6Q, STM32U5A9BJY6QTR, STM32U5A9NJH6Q, STM32WB1MMCH6, STM32WL5MOCH6TR]
2023-03-17 06:29:14,746 [INFO] DbMcus:215 - Found 3680 MCUs, 3680 are supported
2023-03-17 06:29:14,752 [INFO] ApiDb:422 - Load user favorites file C:\Users\ayuba/.stm32cubeide/favorites.mcus.txt: 0 item(s)
2023-03-17 06:29:14,753 [INFO] ApiDb:426 - User favorites MCUs=[]
2023-03-17 06:29:14,753 [INFO] DbMcus:221 - Set 0 / 0 favorites MCUs
2023-03-17 06:29:14,932 [INFO] ApiDb:667 - CubeFinder database Data Model version=2.1
2023-03-17 06:29:14,933 [INFO] ApiDb:668 - CubeFinder database Configuration version=3.0.35
2023-03-17 06:29:14,933 [INFO] ApiDb:669 - CubeFinder database generation date=2023-03-10 (1678456172)
2023-03-17 06:29:14,933 [INFO] ApiDb:670 - CubeFinder database FW Pack versions=[FP-ATR-ASTRA1_V1.1.1, STM32Cube_FW_C0_V1.0.1, STM32Cube_FW_F0_V1.11.4, STM32Cube_FW_F3_V1.11.4, STM32Cube_FW_F4_V1.27.1, STM32Cube_FW_F7_V1.17.0, STM32Cube_FW_G0_V1.6.1, STM32Cube_FW_G4_V1.5.1, STM32Cube_FW_H5_V0.5.1, STM32Cube_FW_H5_V1.0.0, STM32Cube_FW_H7_V1.11.0, STM32Cube_FW_L0_V1.12.2, STM32Cube_FW_L5_V1.5.0, STM32Cube_FW_U5_V1.2.0, STM32Cube_FW_WBA_V1.0.0, STM32Cube_FW_WBA_V1.0.0RC1, STM32Cube_FW_WBA_V1.0.0RC3, STM32Cube_FW_WB_V1.15.0RC1, STM32Cube_FW_WB_V1.16.0, STM32Cube_FW_WB_V1.16.0RC2, STM32Cube_FW_WL_V1.3.0, X-CUBE-ALGOBUILD_V1.3.0, X-CUBE-ALS_V1.0.1, X-CUBE-AZRTOS-F4_V1.1.0, X-CUBE-AZRTOS-F7_V1.1.0, X-CUBE-AZRTOS-G0_V1.1.0, X-CUBE-AZRTOS-G4_V1.0.0, X-CUBE-AZRTOS-H7_V3.0.0, X-CUBE-AZRTOS-L4_V1.0.0, X-CUBE-AZRTOS-L5_V1.1.0, X-CUBE-AZRTOS-WB_V1.1.0, X-CUBE-AZRTOS-WL_V1.0.0, X-CUBE-BLE1_V6.2.4, X-CUBE-BLE2_V3.3.0, X-CUBE-BLEMGR_V1.3.0, X-CUBE-EEPRMA1_V4.1.0, X-CUBE-GNSS1_V6.0.0, X-CUBE-MEMS1_V9.1.0, X-CUBE-MEMS1_V9.4.0, X-CUBE-MEMS1_V9.5.0, X-CUBE-NFC4_V3.0.0, X-CUBE-NFC7_V1.0.0, X-CUBE-SFXS2LP1_V4.0.0, X-CUBE-SUBG2_V5.0.0]
2023-03-17 06:29:14,986 [INFO] DbBoardsSqlite:225 - include board P-NUCLEO-WB55-NUCLEO as a kit item of type 'Nucleo-64'
2023-03-17 06:29:14,987 [INFO] DbBoardsSqlite:225 - include board P-NUCLEO-WB55-USBDONGLE as a kit item of type 'Nucleo USB Dongle'
2023-03-17 06:29:14,987 [INFO] DbBoardsSqlite:225 - include board STEVAL-IDP005V1 as a kit item of type 'Evaluation Board'
2023-03-17 06:29:14,987 [INFO] DbBoardsSqlite:225 - include board STEVAL-IDP005V2 as a kit item of type 'Evaluation Board'
2023-03-17 06:29:15,035 [INFO] ApiDb:239 - Found 143 in-development CPN: [B-WB1M-WPAN1, B-WL5M-SUBG1, NUCLEO-C031C6, STEVAL-PROTEUS1, STEVAL-STWINBX1, STM320518-EVAL, STM32C0116-DK, STM32C011D6Y3TR, STM32C011D6Y6TR, STM32C011F4P3, STM32C011F4P6, STM32C011F4U3, STM32C011F4U6TR, STM32C011F6P3, STM32C011F6P6, STM32C011F6U3, STM32C011F6U6TR, STM32C011J4M3, STM32C011J4M6, STM32C011J6M3, STM32C011J6M6, STM32C0316-DK, STM32C031C4T3, STM32C031C4T6, STM32C031C4U3, STM32C031C4U6, STM32C031C6T3, STM32C031C6T6, STM32C031C6U3, STM32C031C6U6, STM32C031F4P3, STM32C031F4P6, STM32C031F6P3, STM32C031F6P6, STM32C031G4U3, STM32C031G4U6, STM32C031G6U3, STM32C031G6U6, STM32C031K4T3, STM32C031K4T6, STM32C031K4U3, STM32C031K4U6, STM32C031K6T3, STM32C031K6T6, STM32C031K6U3, STM32C031K6U6, STM32G071K8TXN, STM32G071K8UXN, STM32G081GBU6N, STM32G081KBT6N, STM32G081KBUXN, STM32G0B1CCT6N, STM32G0B1KCT6, STM32G0B1NEY6TR, STM32G0B1RCT6N, STM32G0C1CCT6, STM32G0C1CCT6N, STM32G0C1CCU6N, STM32G0C1CET6N, STM32G0C1CEU6N, STM32G0C1KCT6, STM32G0C1NEY6TR, STM32G0C1RCI6N, STM32G0C1RCT6N, STM32G0C1REI6N, STM32G0C1RET6N, STM32G0C1VCI6, STM32G0C1VEI6, STM32G471CCT6, STM32G471CCU6, STM32G471CET3, STM32G471CET6, STM32G471CEU3, STM32G471CEU6, STM32G471MCT6, STM32G471MET3, STM32G471MET6, STM32G471MEY6TR, STM32G471QCT6, STM32G471QET3, STM32G471RCT6, STM32G471RET3, STM32G471RET6, STM32G471VCH6, STM32G471VCI6, STM32G471VCT6, STM32G471VEH3, STM32G471VEH6, STM32G471VEI3, STM32G471VEI6, STM32G471VET3, STM32G471VET6, STM32G474CCT6, STM32L476VGY6PTR, STM32L4R5QGI6STR, STM32MP131AAE3, STM32MP131AAF3, STM32MP131AAG3, STM32MP131CAE3, STM32MP131CAF3, STM32MP131CAG3, STM32MP131DAE7, STM32MP131DAF7, STM32MP131DAG7, STM32MP131FAE7, STM32MP131FAF7, STM32MP131FAG7, STM32MP133AAE3, STM32MP133AAF3, STM32MP133AAG3, STM32MP133CAE3, STM32MP133CAF3, STM32MP133CAG3, STM32MP133DAE7, STM32MP133DAF7, STM32MP133DAG7, STM32MP133FAE7, STM32MP133FAF7, STM32MP133FAG7, STM32MP135AAE3, STM32MP135AAF3, STM32MP135AAG3, STM32MP135CAE3, STM32MP135CAF3, STM32MP135CAG3, STM32MP135DAE7, STM32MP135DAF7, STM32MP135DAG7, STM32MP135F-DK, STM32MP135FAE7, STM32MP135FAF7, STM32MP135FAF7T, STM32MP135FAF7U, STM32MP135FAG7, STM32U595ZJT6Q, STM32U599BJY6QTR, STM32U599NIH6Q, STM32U599NJH6Q, STM32U5A5ZJT6Q, STM32U5A9BJY6QTR, STM32U5A9NJH6Q, STM32WB1MMCH6, STM32WL5MOCH6TR]
2023-03-17 06:29:15,152 [INFO] BoardInfo:879 - No configuration file found for board P-NUCLEO-WB55
2023-03-17 06:29:15,152 [INFO] DbBoards:156 - Kit is not supported: P-NUCLEO-WB55
2023-03-17 06:29:15,154 [INFO] BoardInfo:879 - No configuration file found for board STEVAL-BFA001V1B
2023-03-17 06:29:15,154 [INFO] DbBoards:156 - Kit is not supported: STEVAL-BFA001V1B
2023-03-17 06:29:15,155 [INFO] BoardInfo:879 - No configuration file found for board STEVAL-BFA001V2B
2023-03-17 06:29:15,155 [INFO] DbBoards:156 - Kit is not supported: STEVAL-BFA001V2B
2023-03-17 06:29:15,241 [INFO] DbBoards:160 - Found 179 boards, 176 are supported
2023-03-17 06:29:15,245 [INFO] ApiDb:422 - Load user favorites file C:\Users\ayuba/.stm32cubeide/favorites.boards.txt: 0 item(s)
2023-03-17 06:29:15,246 [INFO] ApiDb:426 - User favorites Boards=[]
2023-03-17 06:29:15,246 [INFO] DbBoards:189 - Set 0 / 0 favorites Boards
2023-03-17 06:29:15,248 [INFO] ApiDb:667 - CubeFinder database Data Model version=2.1
2023-03-17 06:29:15,248 [INFO] ApiDb:668 - CubeFinder database Configuration version=3.0.35
2023-03-17 06:29:15,248 [INFO] ApiDb:669 - CubeFinder database generation date=2023-03-10 (1678456172)
2023-03-17 06:29:15,248 [INFO] ApiDb:670 - CubeFinder database FW Pack versions=[FP-ATR-ASTRA1_V1.1.1, STM32Cube_FW_C0_V1.0.1, STM32Cube_FW_F0_V1.11.4, STM32Cube_FW_F3_V1.11.4, STM32Cube_FW_F4_V1.27.1, STM32Cube_FW_F7_V1.17.0, STM32Cube_FW_G0_V1.6.1, STM32Cube_FW_G4_V1.5.1, STM32Cube_FW_H5_V0.5.1, STM32Cube_FW_H5_V1.0.0, STM32Cube_FW_H7_V1.11.0, STM32Cube_FW_L0_V1.12.2, STM32Cube_FW_L5_V1.5.0, STM32Cube_FW_U5_V1.2.0, STM32Cube_FW_WBA_V1.0.0, STM32Cube_FW_WBA_V1.0.0RC1, STM32Cube_FW_WBA_V1.0.0RC3, STM32Cube_FW_WB_V1.15.0RC1, STM32Cube_FW_WB_V1.16.0, STM32Cube_FW_WB_V1.16.0RC2, STM32Cube_FW_WL_V1.3.0, X-CUBE-ALGOBUILD_V1.3.0, X-CUBE-ALS_V1.0.1, X-CUBE-AZRTOS-F4_V1.1.0, X-CUBE-AZRTOS-F7_V1.1.0, X-CUBE-AZRTOS-G0_V1.1.0, X-CUBE-AZRTOS-G4_V1.0.0, X-CUBE-AZRTOS-H7_V3.0.0, X-CUBE-AZRTOS-L4_V1.0.0, X-CUBE-AZRTOS-L5_V1.1.0, X-CUBE-AZRTOS-WB_V1.1.0, X-CUBE-AZRTOS-WL_V1.0.0, X-CUBE-BLE1_V6.2.4, X-CUBE-BLE2_V3.3.0, X-CUBE-BLEMGR_V1.3.0, X-CUBE-EEPRMA1_V4.1.0, X-CUBE-GNSS1_V6.0.0, X-CUBE-MEMS1_V9.1.0, X-CUBE-MEMS1_V9.4.0, X-CUBE-MEMS1_V9.5.0, X-CUBE-NFC4_V3.0.0, X-CUBE-NFC7_V1.0.0, X-CUBE-SFXS2LP1_V4.0.0, X-CUBE-SUBG2_V5.0.0]
2023-03-17 06:29:16,207 [INFO] DbExamplesSqlite:375 - Ignored 46 examples not supported by CubeIDE
2023-03-17 06:29:16,207 [INFO] DbExamplesSqlite:376 - Found 7328 examples active
2023-03-17 06:29:16,208 [INFO] DbExamplesSqlite:377 - Found 1095 examples obsolete
2023-03-17 06:29:16,208 [INFO] DbExamplesSqlite:378 - Found 0 examples under development
2023-03-17 06:29:16,208 [INFO] DbExamplesSqlite:379 - Found 77 examples not building
2023-03-17 06:29:16,212 [INFO] DbExamples:124 - Found 7359 examples
2023-03-17 06:29:16,297 [ERROR] DbExamples:207 - Found 498 examples with invalid data (board or MCU)
2023-03-17 06:29:16,298 [INFO] DbExamples:221 - Found 85 boards with related examples
2023-03-17 06:29:16,299 [INFO] DbExamples:234 - Found 76 MCUs with related examples
2023-03-17 06:29:16,319 [INFO] ApiDb:413 - User favorites file not found: C:\Users\ayuba/.stm32cubeide/favorites.examples.txt
2023-03-17 06:29:16,320 [INFO] DbExamples:249 - Set 0 / 0 favorites Examples
2023-03-17 06:29:16,563 [INFO] McuFinderGlobals:65 - Set McuFinderConnectedMode to true
2023-03-17 06:29:16,574 [INFO] MultiScanPanel:196 - Auto-refresh data requested => check proxy status ongoing
2023-03-17 06:29:16,579 [INFO] FinderPluginLoader:92 - Searching for filters in installed packs
2023-03-17 06:29:17,920 [INFO] LoadUrlFilesThread:179 - End of LoadServerUrlFiles without Thread
2023-03-17 06:29:17,931 [INFO] DetailPanel:339 - Set advertising image to C:/Users/ayuba/STM32Cube/Repository/\en.prom-stm32h5-mcu-finder.jpg
2023-03-17 06:30:20,956 [INFO] MultiScanPanel:196 - Auto-refresh data requested => check proxy status ongoing
2023-03-17 06:30:21,030 [INFO] LoadUrlFilesThread:179 - End of LoadServerUrlFiles without Thread
2023-03-17 06:30:21,030 [INFO] DetailPanel:339 - Set advertising image to C:/Users/ayuba/STM32Cube/Repository/\en.prom-stm32h5-mcu-finder.jpg
2023-03-17 06:30:21,037 [INFO] DbBoards:633 - Loading board mini-images...
2023-03-17 06:30:22,454 [INFO] DbBoards:656 - Loaded 179 board mini-images
2023-03-17 06:32:07,652 [INFO] McuFinderGlobals:65 - Set McuFinderConnectedMode to true
2023-03-17 06:32:07,654 [INFO] ApiDb:447 - Save user favorites file C:\Users\ayuba/.stm32cubeide/favorites.mcus.txt: 0 item(s)
2023-03-17 06:32:07,655 [INFO] ApiDb:451 - User favorites MCUs=[]
2023-03-17 06:32:07,670 [INFO] ApiDb:447 - Save user favorites file C:\Users\ayuba/.stm32cubeide/favorites.boards.txt: 0 item(s)
2023-03-17 06:32:07,671 [INFO] ApiDb:451 - User favorites Boards=[]
2023-03-17 06:33:43,478 [INFO] WebAppUi:459 - Close the Jxbrowser engine manually
2023-03-17 06:33:43,559 [INFO] WebAppUi:462 - Profiles folder deleted
2023-03-17 06:33:46,036 [ERROR] LogOutputStream:74 - [STDERR_REDIRECT] 
